<?xml version="1.0" encoding="UTF-8"?>
<!-- Generated by org.testng.reporters.JUnitReportReporter -->
<testsuite skipped="0" hostname="DESKTOP-NLQB3N8" name="WebTextInput" tests="3" failures="0" timestamp="2022-02-23T21:50:15 CAT" time="15.005" errors="0">
  <testcase name="changeTextInputButton" time="4.495" classname="WebTextInput"/>
  <system-out>
    <![CDATA[Starting WebInputButton tests]]>
  </system-out>
  <testcase name="changeTextInputButton" time="6.281" classname="WebTextInput"/>
  <system-out>
    <![CDATA[Starting WebInputButton tests]]>
  </system-out>
  <testcase name="changeTextInputButton" time="4.229" classname="WebTextInput"/>
  <system-out>
    <![CDATA[Starting WebInputButton tests]]>
  </system-out>
</testsuite> <!-- WebTextInput -->
